2018-04-10 10:29:58,167 - Log4JLogChute initialized using file 'velocity.log'
2018-04-10 10:29:58,167 - Initializing Velocity, Calling init()...
2018-04-10 10:29:58,167 - Starting Apache Velocity v1.7 (compiled: 2010-11-19 12:14:37)
2018-04-10 10:29:58,167 - Default Properties File: org\apache\velocity\runtime\defaults\velocity.properties
2018-04-10 10:29:58,167 - Trying to use logger class org.apache.velocity.runtime.log.AvalonLogChute
2018-04-10 10:29:58,168 - Target log system for org.apache.velocity.runtime.log.AvalonLogChute is not available (java.lang.NoClassDefFoundError: org/apache/log/format/Formatter).  Falling back to next log system...
2018-04-10 10:29:58,168 - Trying to use logger class org.apache.velocity.runtime.log.Log4JLogChute
2018-04-10 10:29:58,168 - Using logger class org.apache.velocity.runtime.log.Log4JLogChute
2018-04-10 10:29:58,170 - ResourceLoader instantiated: org.apache.velocity.runtime.resource.loader.ClasspathResourceLoader
2018-04-10 10:29:58,176 - ResourceCache: initialized (class org.apache.velocity.runtime.resource.ResourceCacheImpl) with class java.util.Collections$SynchronizedMap cache map.
2018-04-10 10:29:58,177 - Loaded System Directive: org.apache.velocity.runtime.directive.Stop
2018-04-10 10:29:58,177 - Loaded System Directive: org.apache.velocity.runtime.directive.Define
2018-04-10 10:29:58,177 - Loaded System Directive: org.apache.velocity.runtime.directive.Break
2018-04-10 10:29:58,178 - Loaded System Directive: org.apache.velocity.runtime.directive.Evaluate
2018-04-10 10:29:58,178 - Loaded System Directive: org.apache.velocity.runtime.directive.Literal
2018-04-10 10:29:58,179 - Loaded System Directive: org.apache.velocity.runtime.directive.Macro
2018-04-10 10:29:58,179 - Loaded System Directive: org.apache.velocity.runtime.directive.Parse
2018-04-10 10:29:58,180 - Loaded System Directive: org.apache.velocity.runtime.directive.Include
2018-04-10 10:29:58,180 - Loaded System Directive: org.apache.velocity.runtime.directive.Foreach
2018-04-10 10:29:58,195 - Created '20' parsers.
2018-04-10 10:29:58,198 - Velocimacro : "velocimacro.library" is not set.  Trying default library: VM_global_library.vm
2018-04-10 10:29:58,198 - Could not load resource 'VM_global_library.vm' from ResourceLoader org.apache.velocity.runtime.resource.loader.ClasspathResourceLoader: ClasspathResourceLoader Error: cannot find resource VM_global_library.vm
2018-04-10 10:29:58,198 - Velocimacro : Default library not found.
2018-04-10 10:29:58,198 - Velocimacro : allowInline = true : VMs can be defined inline in templates
2018-04-10 10:29:58,198 - Velocimacro : allowInlineToOverride = false : VMs defined inline may NOT replace previous VM definitions
2018-04-10 10:29:58,198 - Velocimacro : allowInlineLocal = false : VMs defined inline will be global in scope if allowed.
2018-04-10 10:29:58,198 - Velocimacro : autoload off : VM system will not automatically reload global library macros
2018-04-10 10:29:58,216 - ResourceManager : found /templates/entity.java.vm with loader org.apache.velocity.runtime.resource.loader.ClasspathResourceLoader
2018-04-10 10:29:58,224 - Left side (${versionFieldName}) of '==' operation has null value. If it is a reference, it may not be in the context or its toString() returned null. /templates/entity.java.vm[line 74, column 26]
2018-04-10 10:29:58,224 - Left side (${logicDeleteFieldName}) of '==' operation has null value. If it is a reference, it may not be in the context or its toString() returned null. /templates/entity.java.vm[line 78, column 30]
2018-04-10 10:29:58,224 - Left side (${versionFieldName}) of '==' operation has null value. If it is a reference, it may not be in the context or its toString() returned null. /templates/entity.java.vm[line 74, column 26]
2018-04-10 10:29:58,224 - Left side (${logicDeleteFieldName}) of '==' operation has null value. If it is a reference, it may not be in the context or its toString() returned null. /templates/entity.java.vm[line 78, column 30]
2018-04-10 10:29:58,225 - Left side (${versionFieldName}) of '==' operation has null value. If it is a reference, it may not be in the context or its toString() returned null. /templates/entity.java.vm[line 74, column 26]
2018-04-10 10:29:58,225 - Left side (${logicDeleteFieldName}) of '==' operation has null value. If it is a reference, it may not be in the context or its toString() returned null. /templates/entity.java.vm[line 78, column 30]
2018-04-10 10:29:58,225 - Left side (${versionFieldName}) of '==' operation has null value. If it is a reference, it may not be in the context or its toString() returned null. /templates/entity.java.vm[line 74, column 26]
2018-04-10 10:29:58,225 - Left side (${logicDeleteFieldName}) of '==' operation has null value. If it is a reference, it may not be in the context or its toString() returned null. /templates/entity.java.vm[line 78, column 30]
2018-04-10 10:29:58,225 - Left side (${versionFieldName}) of '==' operation has null value. If it is a reference, it may not be in the context or its toString() returned null. /templates/entity.java.vm[line 74, column 26]
2018-04-10 10:29:58,225 - Left side (${logicDeleteFieldName}) of '==' operation has null value. If it is a reference, it may not be in the context or its toString() returned null. /templates/entity.java.vm[line 78, column 30]
2018-04-10 10:29:58,225 - Left side (${versionFieldName}) of '==' operation has null value. If it is a reference, it may not be in the context or its toString() returned null. /templates/entity.java.vm[line 74, column 26]
2018-04-10 10:29:58,225 - Left side (${logicDeleteFieldName}) of '==' operation has null value. If it is a reference, it may not be in the context or its toString() returned null. /templates/entity.java.vm[line 78, column 30]
2018-04-10 10:29:58,225 - Left side (${versionFieldName}) of '==' operation has null value. If it is a reference, it may not be in the context or its toString() returned null. /templates/entity.java.vm[line 74, column 26]
2018-04-10 10:29:58,225 - Left side (${logicDeleteFieldName}) of '==' operation has null value. If it is a reference, it may not be in the context or its toString() returned null. /templates/entity.java.vm[line 78, column 30]
2018-04-10 10:29:58,232 - ResourceManager : found /templates/mapper.java.vm with loader org.apache.velocity.runtime.resource.loader.ClasspathResourceLoader
2018-04-10 10:29:58,236 - ResourceManager : found /templates/mapper.xml.vm with loader org.apache.velocity.runtime.resource.loader.ClasspathResourceLoader
2018-04-10 10:29:58,238 - ResourceManager : found /templates/service.java.vm with loader org.apache.velocity.runtime.resource.loader.ClasspathResourceLoader
2018-04-10 10:29:58,241 - ResourceManager : found /templates/serviceImpl.java.vm with loader org.apache.velocity.runtime.resource.loader.ClasspathResourceLoader
2018-04-10 10:29:58,243 - ResourceManager : found /templates/controller.java.vm with loader org.apache.velocity.runtime.resource.loader.ClasspathResourceLoader
